TN:
SF:src/config.ts
FNF:0
FNH:0
DA:9,1
DA:16,1
DA:69,1
LF:3
LH:3
BRF:0
BRH:0
end_of_record
TN:
SF:src/toolsProvider.ts
FN:15,toolsProvider
FN:37,(anonymous_10)
FN:40,(anonymous_11)
FN:41,(anonymous_12)
FNF:4
FNH:4
FNDA:1,toolsProvider
FNDA:1,(anonymous_10)
FNDA:1,(anonymous_11)
FNDA:1,(anonymous_12)
DA:8,1
DA:9,1
DA:10,1
DA:11,1
DA:12,1
DA:13,1
DA:15,1
DA:17,1
DA:18,1
DA:21,1
DA:22,1
DA:23,1
DA:24,1
DA:27,1
DA:33,1
DA:38,1
DA:39,1
DA:40,2
DA:41,2
DA:43,1
DA:45,1
DA:54,0
DA:63,1
DA:71,1
LF:24
LH:23
BRDA:48,0,0,1
BRDA:48,0,1,0
BRDA:54,1,0,0
BRDA:54,1,1,0
BRF:4
BRH:1
end_of_record
TN:
SF:src/core/pythonExecutor.ts
FN:25,candidateDirs
FN:31,(anonymous_2)
FN:33,(anonymous_3)
FN:65,toProjectRoot
FN:87,resolveScriptsDir
FN:118,resolveVenvRoot
FN:155,(anonymous_7)
FN:164,isAbortError
FN:180,getVenvPythonPath
FN:190,isVenvAvailable
FN:198,getPythonExecutable
FN:218,executeScript
FN:286,executeCommand
FN:302,parseJsonResult
FN:354,executeScriptAndGetJson
FN:383,isPackageInstalled
FN:395,getPackageVersion
FN:410,installPackage
FNF:18
FNH:11
FNDA:10,candidateDirs
FNDA:10,(anonymous_2)
FNDA:10,(anonymous_3)
FNDA:10,toProjectRoot
FNDA:5,resolveScriptsDir
FNDA:5,resolveVenvRoot
FNDA:0,(anonymous_7)
FNDA:0,isAbortError
FNDA:13,getVenvPythonPath
FNDA:7,isVenvAvailable
FNDA:5,getPythonExecutable
FNDA:2,executeScript
FNDA:0,executeCommand
FNDA:3,parseJsonResult
FNDA:0,executeScriptAndGetJson
FNDA:0,isPackageInstalled
FNDA:0,getPackageVersion
FNDA:0,installPackage
DA:9,5
DA:10,5
DA:11,5
DA:12,5
DA:13,5
DA:15,5
DA:26,10
DA:29,10
DA:30,10
DA:31,10
DA:33,10
DA:34,10
DA:36,10
DA:39,10
DA:40,0
DA:41,0
DA:46,10
DA:50,10
DA:51,10
DA:52,0
DA:56,10
DA:58,10
DA:66,10
DA:67,10
DA:68,10
DA:72,10
DA:74,0
DA:75,0
DA:76,0
DA:78,0
DA:88,5
DA:90,5
DA:91,5
DA:92,5
DA:93,5
DA:96,0
DA:97,0
DA:98,0
DA:99,0
DA:104,0
DA:105,0
DA:106,0
DA:107,0
DA:111,0
DA:119,5
DA:120,5
DA:121,5
DA:123,0
DA:127,5
DA:130,5
DA:154,5
DA:156,0
DA:157,0
DA:164,5
DA:165,0
DA:166,0
DA:167,0
DA:169,0
DA:180,5
DA:181,13
DA:182,0
DA:184,13
DA:190,5
DA:191,7
DA:192,7
DA:198,5
DA:199,5
DA:200,5
DA:204,0
DA:205,0
DA:207,0
DA:218,5
DA:228,2
DA:230,2
DA:233,2
DA:237,2
DA:238,1
DA:241,1
DA:243,1
DA:244,1
DA:251,1
DA:258,0
DA:259,0
DA:263,0
DA:264,0
DA:268,0
DA:269,0
DA:273,0
DA:275,0
DA:286,5
DA:290,0
DA:302,5
DA:303,3
DA:305,3
DA:306,1
DA:310,2
DA:311,2
DA:318,1
DA:319,1
DA:320,1
DA:321,1
DA:322,1
DA:323,1
DA:324,10
DA:325,10
DA:326,1
DA:327,1
DA:328,1
DA:329,9
DA:330,1
DA:331,1
DA:332,1
DA:333,1
DA:335,8
DA:336,8
DA:339,1
DA:340,1
DA:341,1
DA:348,1
DA:354,5
DA:359,0
DA:361,0
DA:363,0
DA:364,0
DA:365,0
DA:366,0
DA:373,0
DA:383,5
DA:384,0
DA:385,0
DA:386,0
DA:388,0
DA:395,5
DA:396,0
DA:397,0
DA:401,0
DA:403,0
DA:410,5
DA:411,0
DA:415,0
LF:140
LH:87
BRDA:40,0,0,0
BRDA:40,0,1,0
BRDA:41,1,0,0
BRDA:41,1,1,0
BRDA:51,2,0,0
BRDA:51,2,1,10
BRDA:68,3,0,10
BRDA:68,3,1,0
BRDA:69,4,0,10
BRDA:69,4,1,0
BRDA:75,5,0,0
BRDA:75,5,1,0
BRDA:92,6,0,5
BRDA:92,6,1,0
BRDA:98,7,0,0
BRDA:98,7,1,0
BRDA:106,8,0,0
BRDA:106,8,1,0
BRDA:121,9,0,5
BRDA:121,9,1,0
BRDA:123,10,0,0
BRDA:123,10,1,0
BRDA:155,11,0,0
BRDA:165,12,0,0
BRDA:165,12,1,0
BRDA:166,13,0,0
BRDA:166,13,1,0
BRDA:166,14,0,0
BRDA:166,14,1,0
BRDA:166,14,2,0
BRDA:181,15,0,0
BRDA:181,15,1,13
BRDA:199,16,0,5
BRDA:199,16,1,0
BRDA:204,17,0,0
BRDA:204,17,1,0
BRDA:207,18,0,0
BRDA:207,18,1,0
BRDA:220,19,0,1
BRDA:221,20,0,1
BRDA:224,21,0,1
BRDA:225,22,0,2
BRDA:226,23,0,2
BRDA:233,24,0,0
BRDA:233,24,1,2
BRDA:237,25,0,1
BRDA:237,25,1,1
BRDA:258,26,0,0
BRDA:258,26,1,0
BRDA:258,27,0,0
BRDA:258,27,1,0
BRDA:263,28,0,0
BRDA:263,28,1,0
BRDA:263,29,0,0
BRDA:263,29,1,0
BRDA:268,30,0,0
BRDA:268,30,1,0
BRDA:268,31,0,0
BRDA:268,31,1,0
BRDA:268,31,2,0
BRDA:273,32,0,0
BRDA:273,32,1,0
BRDA:273,32,2,0
BRDA:276,33,0,0
BRDA:276,33,1,0
BRDA:278,34,0,0
BRDA:278,34,1,0
BRDA:288,35,0,0
BRDA:305,36,0,1
BRDA:305,36,1,2
BRDA:305,37,0,3
BRDA:305,37,1,2
BRDA:319,38,0,1
BRDA:319,38,1,0
BRDA:325,39,0,1
BRDA:325,39,1,9
BRDA:329,40,0,1
BRDA:329,40,1,8
BRDA:332,41,0,1
BRDA:332,41,1,0
BRDA:332,42,0,1
BRDA:332,42,1,1
BRDA:335,43,0,8
BRDA:335,43,1,0
BRDA:339,44,0,1
BRDA:339,44,1,0
BRDA:339,45,0,1
BRDA:339,45,1,1
BRDA:356,46,0,0
BRDA:357,47,0,0
BRDA:361,48,0,0
BRDA:361,48,1,0
BRDA:361,49,0,0
BRDA:361,49,1,0
BRDA:365,50,0,0
BRDA:365,50,1,0
BRDA:383,51,0,0
BRDA:411,52,0,0
BRDA:411,52,1,0
BRF:99
BRH:31
end_of_record
TN:
SF:src/core/knowledge/database.ts
FN:37,assertNotAborted
FN:48,(anonymous_2)
FN:58,(anonymous_3)
FN:64,(anonymous_4)
FN:76,(anonymous_5)
FN:85,(anonymous_6)
FN:112,(anonymous_7)
FN:115,(anonymous_8)
FN:118,(anonymous_9)
FN:124,(anonymous_10)
FN:127,(anonymous_11)
FN:132,(anonymous_12)
FN:135,(anonymous_13)
FN:138,(anonymous_14)
FN:147,(anonymous_15)
FN:149,(anonymous_16)
FN:174,(anonymous_17)
FN:176,(anonymous_18)
FN:183,(anonymous_19)
FN:202,(anonymous_20)
FN:222,(anonymous_21)
FN:238,(anonymous_22)
FNF:22
FNH:20
FNDA:7,assertNotAborted
FNDA:13,(anonymous_2)
FNDA:16,(anonymous_3)
FNDA:27,(anonymous_4)
FNDA:16,(anonymous_5)
FNDA:10,(anonymous_6)
FNDA:2,(anonymous_7)
FNDA:1,(anonymous_8)
FNDA:1,(anonymous_9)
FNDA:1,(anonymous_10)
FNDA:0,(anonymous_11)
FNDA:1,(anonymous_12)
FNDA:2,(anonymous_13)
FNDA:0,(anonymous_14)
FNDA:4,(anonymous_15)
FNDA:3,(anonymous_16)
FNDA:4,(anonymous_17)
FNDA:4,(anonymous_18)
FNDA:2,(anonymous_19)
FNDA:1,(anonymous_20)
FNDA:1,(anonymous_21)
FNDA:2,(anonymous_22)
DA:8,3
DA:9,3
DA:10,3
DA:11,3
DA:12,3
DA:28,3
DA:38,7
DA:39,0
DA:43,3
DA:49,13
DA:50,13
DA:51,13
DA:59,16
DA:60,8
DA:65,27
DA:66,27
DA:67,13
DA:68,13
DA:71,0
DA:73,14
DA:77,16
DA:78,16
DA:86,10
DA:88,10
DA:89,10
DA:106,10
DA:107,10
DA:109,10
DA:113,2
DA:114,2
DA:115,2
DA:119,1
DA:120,1
DA:121,1
DA:123,1
DA:125,1
DA:127,0
DA:133,1
DA:134,1
DA:135,2
DA:139,0
DA:140,0
DA:148,4
DA:149,4
DA:151,4
DA:152,1
DA:155,3
DA:156,3
DA:162,3
DA:163,3
DA:166,3
DA:167,3
DA:168,3
DA:169,3
DA:171,3
DA:175,4
DA:176,4
DA:189,2
DA:190,2
DA:194,2
DA:196,1
DA:197,1
DA:199,0
DA:200,0
DA:202,1
DA:203,1
DA:207,2
DA:208,2
DA:209,1
DA:213,2
DA:215,2
DA:228,1
DA:229,1
DA:230,1
DA:232,1
DA:233,1
DA:234,2
DA:237,1
DA:238,2
DA:241,1
DA:251,3
LF:81
LH:74
BRDA:38,0,0,0
BRDA:38,0,1,7
BRDA:49,1,0,10
BRDA:49,1,1,3
BRDA:59,2,0,8
BRDA:59,2,1,8
BRDA:66,3,0,13
BRDA:66,3,1,14
BRDA:68,4,0,13
BRDA:68,4,1,0
BRDA:115,5,0,2
BRDA:115,5,1,1
BRDA:118,6,0,1
BRDA:125,7,0,1
BRDA:125,7,1,0
BRDA:125,7,2,0
BRDA:132,8,0,1
BRDA:151,9,0,1
BRDA:151,9,1,3
BRDA:166,10,0,3
BRDA:166,10,1,0
BRDA:174,11,0,0
BRDA:186,12,0,0
BRDA:194,13,0,1
BRDA:194,13,1,0
BRDA:194,13,2,1
BRDA:208,14,0,1
BRDA:208,14,1,1
BRDA:234,15,0,2
BRDA:234,15,1,1
BRDA:237,16,0,1
BRDA:237,16,1,0
BRF:32
BRH:23
end_of_record
TN:
SF:src/core/knowledge/ocr.ts
FN:49,checkOCRBackends
FN:87,processImage
FN:170,classifyContent
FN:215,cleanText
FN:236,(anonymous_5)
FN:249,processImageBatch
FNF:6
FNH:3
FNDA:0,checkOCRBackends
FNDA:0,processImage
FNDA:7,classifyContent
FNDA:6,cleanText
FNDA:11,(anonymous_5)
FNDA:0,processImageBatch
DA:8,3
DA:10,3
DA:12,3
DA:49,3
DA:56,0
DA:57,0
DA:60,0
DA:61,0
DA:62,0
DA:64,0
DA:68,0
DA:69,0
DA:70,0
DA:72,0
DA:76,0
DA:77,0
DA:80,0
DA:87,3
DA:91,0
DA:92,0
DA:95,0
DA:96,0
DA:100,0
DA:103,0
DA:104,0
DA:105,0
DA:106,0
DA:107,0
DA:108,0
DA:109,0
DA:110,0
DA:112,0
DA:118,0
DA:120,0
DA:126,0
DA:128,0
DA:132,0
DA:134,0
DA:135,0
DA:136,0
DA:138,0
DA:142,0
DA:145,0
DA:148,0
DA:149,0
DA:152,0
DA:170,3
DA:175,7
DA:176,7
DA:179,7
DA:180,7
DA:182,7
DA:183,77
DA:184,77
DA:185,595
DA:186,595
DA:187,595
DA:188,595
DA:189,21
DA:190,21
DA:191,21
DA:196,77
DA:197,5
DA:198,5
DA:203,7
DA:205,7
DA:215,3
DA:216,6
DA:219,6
DA:222,6
DA:225,6
DA:228,6
DA:229,6
DA:230,6
DA:231,6
DA:234,6
DA:236,11
DA:240,6
DA:242,6
DA:249,3
DA:254,0
DA:256,0
DA:257,0
DA:258,0
DA:259,0
DA:260,0
DA:262,0
DA:263,0
DA:267,0
LF:89
LH:39
BRDA:50,0,0,0
BRDA:76,1,0,0
BRDA:76,1,1,0
BRDA:89,2,0,0
BRDA:95,3,0,0
BRDA:95,3,1,0
BRDA:103,4,0,0
BRDA:103,4,1,0
BRDA:104,5,0,0
BRDA:104,5,1,0
BRDA:105,6,0,0
BRDA:105,6,1,0
BRDA:107,7,0,0
BRDA:107,7,1,0
BRDA:109,8,0,0
BRDA:109,8,1,0
BRDA:118,9,0,0
BRDA:118,9,1,0
BRDA:118,9,2,0
BRDA:118,9,3,0
BRDA:122,10,0,0
BRDA:122,10,1,0
BRDA:123,11,0,0
BRDA:123,11,1,0
BRDA:124,12,0,0
BRDA:124,12,1,0
BRDA:130,13,0,0
BRDA:130,13,1,0
BRDA:134,14,0,0
BRDA:134,14,1,0
BRDA:135,15,0,0
BRDA:135,15,1,0
BRDA:148,16,0,0
BRDA:148,16,1,0
BRDA:149,17,0,0
BRDA:149,17,1,0
BRDA:153,18,0,0
BRDA:153,18,1,0
BRDA:154,19,0,0
BRDA:154,19,1,0
BRDA:155,20,0,0
BRDA:155,20,1,0
BRDA:188,21,0,21
BRDA:188,21,1,574
BRDA:190,22,0,21
BRDA:190,22,1,0
BRDA:196,23,0,5
BRDA:196,23,1,72
BRDA:251,24,0,0
BRF:49
BRH:5
end_of_record
TN:
SF:src/core/knowledge/schema.ts
FN:166,toAlpacaFormat
FN:176,toShareGPTFormat
FN:194,toChatMLFormat
FNF:3
FNH:3
FNDA:3,toAlpacaFormat
FNDA:2,toShareGPTFormat
FNDA:2,toChatMLFormat
DA:34,5
DA:166,5
DA:167,3
DA:171,3
DA:172,3
DA:173,3
DA:176,5
DA:177,2
DA:179,2
DA:180,1
DA:183,2
DA:184,2
DA:185,1
DA:188,2
DA:189,2
DA:191,2
DA:194,5
DA:195,2
DA:197,2
DA:198,2
DA:201,2
DA:202,2
DA:204,2
LF:23
LH:23
BRDA:171,0,0,1
BRDA:171,0,1,2
BRDA:172,1,0,1
BRDA:172,1,1,2
BRDA:179,2,0,1
BRDA:179,2,1,1
BRDA:184,3,0,1
BRDA:184,3,1,1
BRDA:197,4,0,2
BRDA:197,4,1,0
BRDA:201,5,0,1
BRDA:201,5,1,1
BRF:12
BRH:11
end_of_record
TN:
SF:src/core/knowledge/training.ts
FN:43,generateTrainingPairs
FN:66,(anonymous_1)
FN:67,(anonymous_2)
FN:117,generateFromDatabase
FN:147,generateSyntheticPairs
FNF:5
FNH:4
FNDA:7,generateTrainingPairs
FNDA:18,(anonymous_1)
FNDA:18,(anonymous_2)
FNDA:0,generateFromDatabase
FNDA:1,generateSyntheticPairs
DA:21,3
DA:43,3
DA:51,7
DA:54,7
DA:55,1
DA:58,6
DA:59,6
DA:60,1
DA:64,5
DA:66,18
DA:67,18
DA:69,5
DA:73,5
DA:74,5
DA:77,5
DA:78,12
DA:81,12
DA:83,12
DA:85,12
DA:95,12
DA:99,5
DA:100,1
DA:111,5
DA:117,3
DA:124,0
DA:126,0
DA:127,0
DA:128,0
DA:132,0
DA:133,0
DA:134,0
DA:137,0
DA:147,3
DA:156,1
DA:157,1
DA:158,1
DA:160,1
LF:37
LH:29
BRDA:45,0,0,2
BRDA:48,1,0,6
BRDA:49,2,0,5
BRDA:50,3,0,5
BRDA:54,4,0,1
BRDA:54,4,1,6
BRDA:59,5,0,1
BRDA:59,5,1,5
BRDA:69,6,0,4
BRDA:69,6,1,1
BRDA:70,7,0,4
BRDA:70,7,1,0
BRDA:77,8,0,17
BRDA:77,8,1,12
BRDA:81,9,0,0
BRDA:81,9,1,12
BRDA:99,10,0,1
BRDA:99,10,1,4
BRDA:119,11,0,0
BRDA:150,12,0,1
BRF:20
BRH:17
end_of_record
TN:
SF:src/core/runpod/client.ts
FN:25,(anonymous_0)
FN:37,(anonymous_1)
FN:59,(anonymous_2)
FN:70,(anonymous_3)
FN:84,(anonymous_4)
FN:102,(anonymous_5)
FN:109,(anonymous_6)
FN:123,(anonymous_7)
FN:127,(anonymous_8)
FN:132,(anonymous_9)
FN:141,(anonymous_10)
FN:164,(anonymous_11)
FN:205,(anonymous_12)
FN:234,(anonymous_13)
FN:243,(anonymous_14)
FN:258,(anonymous_15)
FN:272,(anonymous_16)
FN:281,(anonymous_17)
FN:321,(anonymous_18)
FN:411,(anonymous_19)
FN:430,(anonymous_20)
FN:445,(anonymous_21)
FN:452,(anonymous_22)
FN:460,(anonymous_23)
FN:493,getRunPodClient
FN:514,resetRunPodClient
FNF:26
FNH:7
FNDA:17,(anonymous_0)
FNDA:0,(anonymous_1)
FNDA:0,(anonymous_2)
FNDA:0,(anonymous_3)
FNDA:0,(anonymous_4)
FNDA:3,(anonymous_5)
FNDA:3,(anonymous_6)
FNDA:4,(anonymous_7)
FNDA:7,(anonymous_8)
FNDA:3,(anonymous_9)
FNDA:0,(anonymous_10)
FNDA:0,(anonymous_11)
FNDA:0,(anonymous_12)
FNDA:0,(anonymous_13)
FNDA:0,(anonymous_14)
FNDA:0,(anonymous_15)
FNDA:0,(anonymous_16)
FNDA:0,(anonymous_17)
FNDA:0,(anonymous_18)
FNDA:0,(anonymous_19)
FNDA:0,(anonymous_20)
FNDA:0,(anonymous_21)
FNDA:0,(anonymous_22)
FNDA:11,(anonymous_23)
FNDA:0,getRunPodClient
FNDA:0,resetRunPodClient
DA:18,3
DA:26,17
DA:27,17
DA:28,17
DA:29,17
DA:30,17
DA:42,0
DA:52,0
DA:53,0
DA:56,0
DA:58,0
DA:59,0
DA:60,0
DA:63,0
DA:71,0
DA:80,0
DA:81,0
DA:87,0
DA:98,0
DA:99,0
DA:108,3
DA:109,3
DA:111,3
DA:112,1
DA:115,2
DA:124,4
DA:126,4
DA:128,7
DA:129,7
DA:130,7
DA:132,3
DA:134,4
DA:142,0
DA:160,0
DA:161,0
DA:165,0
DA:197,0
DA:198,0
DA:199,0
DA:201,0
DA:206,0
DA:223,0
DA:234,0
DA:239,0
DA:240,0
DA:244,0
DA:254,0
DA:255,0
DA:259,0
DA:268,0
DA:269,0
DA:273,0
DA:278,0
DA:286,0
DA:287,0
DA:288,0
DA:291,0
DA:292,0
DA:293,0
DA:294,0
DA:295,0
DA:297,0
DA:300,0
DA:310,0
DA:322,0
DA:414,0
DA:416,0
DA:418,0
DA:431,0
DA:432,0
DA:434,0
DA:446,0
DA:447,0
DA:449,0
DA:453,0
DA:466,11
DA:468,11
DA:469,9
DA:470,8
DA:471,6
DA:472,6
DA:474,11
DA:475,11
DA:476,11
DA:477,11
DA:479,11
DA:491,3
DA:493,3
DA:494,0
DA:495,0
DA:496,0
DA:497,0
DA:500,0
DA:511,0
DA:514,3
DA:515,0
LF:96
LH:32
BRDA:27,0,0,17
BRDA:27,0,1,17
BRDA:28,1,0,17
BRDA:28,1,1,17
BRDA:29,2,0,17
BRDA:29,2,1,17
BRDA:30,3,0,17
BRDA:30,3,1,17
BRDA:52,4,0,0
BRDA:52,4,1,0
BRDA:58,5,0,0
BRDA:58,5,1,0
BRDA:58,6,0,0
BRDA:58,6,1,0
BRDA:109,7,0,3
BRDA:109,7,1,1
BRDA:111,8,0,1
BRDA:111,8,1,2
BRDA:116,9,0,2
BRDA:116,9,1,1
BRDA:123,10,0,0
BRDA:128,11,0,7
BRDA:128,11,1,3
BRDA:130,12,0,7
BRDA:130,12,1,5
BRDA:134,13,0,2
BRDA:134,13,1,2
BRDA:226,14,0,0
BRDA:226,14,1,0
BRDA:227,15,0,0
BRDA:227,15,1,0
BRDA:228,16,0,0
BRDA:228,16,1,0
BRDA:229,17,0,0
BRDA:229,17,1,0
BRDA:230,18,0,0
BRDA:230,18,1,0
BRDA:231,19,0,0
BRDA:231,19,1,0
BRDA:234,20,0,0
BRDA:234,20,1,0
BRDA:287,21,0,0
BRDA:287,21,1,0
BRDA:292,22,0,0
BRDA:292,22,1,0
BRDA:294,23,0,0
BRDA:294,23,1,0
BRDA:306,24,0,0
BRDA:306,24,1,0
BRDA:307,25,0,0
BRDA:307,25,1,0
BRDA:336,26,0,0
BRDA:336,26,1,0
BRDA:337,27,0,0
BRDA:337,27,1,0
BRDA:338,28,0,0
BRDA:338,28,1,0
BRDA:339,29,0,0
BRDA:339,29,1,0
BRDA:340,30,0,0
BRDA:340,30,1,0
BRDA:341,31,0,0
BRDA:341,31,1,0
BRDA:385,32,0,0
BRDA:385,32,1,0
BRDA:386,33,0,0
BRDA:386,33,1,0
BRDA:389,34,0,0
BRDA:389,34,1,0
BRDA:390,35,0,0
BRDA:390,35,1,0
BRDA:425,36,0,0
BRDA:425,36,1,0
BRDA:431,37,0,0
BRDA:431,37,1,0
BRDA:445,38,0,0
BRDA:446,39,0,0
BRDA:446,39,1,0
BRDA:463,40,0,7
BRDA:464,41,0,7
BRDA:468,42,0,2
BRDA:468,42,1,9
BRDA:469,43,0,1
BRDA:469,43,1,8
BRDA:470,44,0,2
BRDA:470,44,1,6
BRDA:470,45,0,8
BRDA:470,45,1,7
BRDA:471,46,0,0
BRDA:471,46,1,6
BRDA:472,47,0,1
BRDA:472,47,1,5
BRDA:494,48,0,0
BRDA:494,48,1,0
BRDA:495,49,0,0
BRDA:495,49,1,0
BRDA:496,50,0,0
BRDA:496,50,1,0
BRDA:505,51,0,0
BRDA:505,51,1,0
BRF:100
BRH:33
end_of_record
TN:
SF:src/core/utils/cache.ts
FN:17,(anonymous_0)
FN:22,(anonymous_1)
FN:29,(anonymous_2)
FN:44,(anonymous_3)
FN:48,(anonymous_4)
FN:52,(anonymous_5)
FN:56,(anonymous_6)
FNF:7
FNH:7
FNDA:12,(anonymous_0)
FNDA:9,(anonymous_1)
FNDA:10,(anonymous_2)
FNDA:3,(anonymous_3)
FNDA:1,(anonymous_4)
FNDA:1,(anonymous_5)
FNDA:2,(anonymous_6)
DA:13,3
DA:18,12
DA:19,12
DA:23,9
DA:25,8
DA:26,8
DA:30,10
DA:32,9
DA:33,9
DA:36,6
DA:37,1
DA:38,1
DA:41,5
DA:45,3
DA:49,1
DA:53,1
DA:57,2
DA:65,3
LF:18
LH:18
BRDA:17,0,0,0
BRDA:23,1,0,1
BRDA:23,1,1,8
BRDA:25,2,0,1
BRDA:25,2,1,7
BRDA:30,3,0,1
BRDA:30,3,1,9
BRDA:33,4,0,3
BRDA:33,4,1,6
BRDA:36,5,0,1
BRDA:36,5,1,5
BRDA:36,6,0,6
BRDA:36,6,1,2
BRF:13
BRH:12
end_of_record
TN:
SF:src/core/utils/metrics.ts
FN:18,(anonymous_0)
FN:22,(anonymous_1)
FN:26,(anonymous_2)
FN:46,(anonymous_3)
FN:56,(anonymous_4)
FN:60,(anonymous_5)
FN:61,(anonymous_6)
FN:64,(anonymous_7)
FN:78,(anonymous_8)
FNF:9
FNH:8
FNDA:8,(anonymous_0)
FNDA:0,(anonymous_1)
FNDA:1507,(anonymous_2)
FNDA:5,(anonymous_3)
FNDA:5,(anonymous_4)
FNDA:5,(anonymous_5)
FNDA:5,(anonymous_6)
FNDA:5,(anonymous_7)
FNDA:1,(anonymous_8)
DA:15,2
DA:19,8
DA:23,0
DA:32,1507
DA:41,1507
DA:42,500
DA:55,5
DA:56,5
DA:57,5
DA:59,5
DA:60,5
DA:61,5
DA:63,5
DA:64,5
DA:67,5
DA:79,1
DA:83,2
LF:17
LH:16
BRDA:41,0,0,500
BRDA:41,0,1,1007
BRDA:60,1,0,5
BRDA:60,1,1,5
BRDA:63,2,0,2
BRDA:63,2,1,3
BRDA:71,3,0,2
BRDA:71,3,1,3
BRDA:73,4,0,2
BRDA:73,4,1,3
BRDA:74,5,0,2
BRDA:74,5,1,3
BRF:12
BRH:12
end_of_record
TN:
SF:src/tools/adminTools.ts
FN:39,loadCostState
FN:50,saveCostState
FN:72,loadCheckpoints
FN:83,saveCheckpoints
FN:92,createAdminTools
FN:102,(anonymous_6)
FN:112,(anonymous_7)
FN:113,(anonymous_8)
FN:116,(anonymous_9)
FN:117,(anonymous_10)
FN:120,(anonymous_11)
FN:121,(anonymous_12)
FN:159,(anonymous_13)
FN:165,(anonymous_14)
FN:189,(anonymous_15)
FN:201,(anonymous_16)
FN:205,(anonymous_17)
FN:229,checkpointDataDir
FNF:18
FNH:17
FNDA:4,loadCostState
FNDA:0,saveCostState
FNDA:6,loadCheckpoints
FNDA:2,saveCheckpoints
FNDA:12,createAdminTools
FNDA:4,(anonymous_6)
FNDA:6,(anonymous_7)
FNDA:3,(anonymous_8)
FNDA:6,(anonymous_9)
FNDA:4,(anonymous_10)
FNDA:6,(anonymous_11)
FNDA:5,(anonymous_12)
FNDA:6,(anonymous_13)
FNDA:7,(anonymous_14)
FNDA:1,(anonymous_15)
FNDA:4,(anonymous_16)
FNDA:4,(anonymous_17)
FNDA:2,checkpointDataDir
DA:7,3
DA:8,3
DA:9,3
DA:10,3
DA:11,3
DA:36,3
DA:37,3
DA:40,4
DA:41,4
DA:42,3
DA:47,1
DA:51,0
DA:52,0
DA:69,3
DA:70,3
DA:73,6
DA:74,6
DA:75,6
DA:80,0
DA:84,2
DA:85,2
DA:92,3
DA:98,12
DA:103,4
DA:104,4
DA:105,4
DA:107,4
DA:108,4
DA:109,4
DA:111,4
DA:112,6
DA:113,3
DA:115,4
DA:116,6
DA:117,4
DA:119,4
DA:120,6
DA:121,5
DA:123,4
DA:124,4
DA:125,3
DA:127,4
DA:128,2
DA:131,4
DA:143,0
DA:152,12
DA:160,6
DA:161,6
DA:162,6
DA:164,6
DA:165,7
DA:168,6
DA:169,2
DA:173,2
DA:174,1
DA:177,1
DA:185,4
DA:186,2
DA:189,1
DA:195,2
DA:196,2
DA:197,2
DA:201,4
DA:203,2
DA:205,4
DA:221,0
DA:226,12
DA:230,2
LF:68
LH:63
BRDA:41,0,0,3
BRDA:41,0,1,1
BRDA:74,1,0,6
BRDA:74,1,1,0
BRDA:124,2,0,3
BRDA:124,2,1,1
BRDA:127,3,0,2
BRDA:127,3,1,2
BRDA:138,4,0,1
BRDA:138,4,1,3
BRDA:138,5,0,2
BRDA:138,5,1,1
BRDA:143,6,0,0
BRDA:143,6,1,0
BRDA:159,7,0,0
BRDA:164,8,0,5
BRDA:164,8,1,1
BRDA:168,9,0,2
BRDA:168,9,1,4
BRDA:169,10,0,1
BRDA:169,10,1,1
BRDA:173,11,0,1
BRDA:173,11,1,1
BRDA:180,12,0,1
BRDA:180,12,1,1
BRDA:185,13,0,2
BRDA:185,13,1,2
BRDA:188,14,0,2
BRDA:188,14,1,0
BRDA:215,15,0,2
BRDA:215,15,1,0
BRDA:216,16,0,2
BRDA:216,16,1,0
BRDA:218,17,0,1
BRDA:218,17,1,1
BRDA:221,18,0,0
BRDA:221,18,1,0
BRF:37
BRH:28
end_of_record
TN:
SF:src/tools/coreTools.ts
FN:17,createCoreTools
FN:27,(anonymous_1)
FN:55,(anonymous_2)
FN:104,(anonymous_3)
FN:149,(anonymous_4)
FN:208,(anonymous_5)
FN:246,(anonymous_6)
FN:283,(anonymous_7)
FN:318,(anonymous_8)
FN:351,(anonymous_9)
FN:387,(anonymous_10)
FN:422,(anonymous_11)
FN:457,(anonymous_12)
FNF:13
FNH:1
FNDA:2,createCoreTools
FNDA:0,(anonymous_1)
FNDA:0,(anonymous_2)
FNDA:0,(anonymous_3)
FNDA:0,(anonymous_4)
FNDA:0,(anonymous_5)
FNDA:0,(anonymous_6)
FNDA:0,(anonymous_7)
FNDA:0,(anonymous_8)
FNDA:0,(anonymous_9)
FNDA:0,(anonymous_10)
FNDA:0,(anonymous_11)
FNDA:0,(anonymous_12)
DA:11,2
DA:12,2
DA:13,2
DA:14,2
DA:17,2
DA:23,2
DA:28,0
DA:29,0
DA:32,0
DA:33,0
DA:34,0
DA:35,0
DA:37,0
DA:39,0
DA:40,0
DA:42,0
DA:51,2
DA:56,0
DA:57,0
DA:58,0
DA:59,0
DA:65,0
DA:81,0
DA:82,0
DA:84,0
DA:87,0
DA:95,2
DA:105,0
DA:106,0
DA:107,0
DA:114,0
DA:115,0
DA:118,0
DA:120,0
DA:121,0
DA:123,0
DA:132,2
DA:163,0
DA:164,0
DA:165,0
DA:180,0
DA:181,0
DA:184,0
DA:186,0
DA:187,0
DA:189,0
DA:198,2
DA:209,0
DA:210,0
DA:211,0
DA:219,0
DA:220,0
DA:223,0
DA:225,0
DA:226,0
DA:228,0
DA:237,2
DA:247,0
DA:248,0
DA:249,0
DA:256,0
DA:257,0
DA:260,0
DA:262,0
DA:263,0
DA:265,0
DA:274,2
DA:284,0
DA:285,0
DA:286,0
DA:287,0
DA:294,0
DA:295,0
DA:298,0
DA:300,0
DA:301,0
DA:303,0
DA:312,2
DA:319,0
DA:320,0
DA:321,0
DA:325,0
DA:326,0
DA:329,0
DA:331,0
DA:332,0
DA:334,0
DA:343,2
DA:352,0
DA:353,0
DA:354,0
DA:360,0
DA:361,0
DA:364,0
DA:366,0
DA:367,0
DA:369,0
DA:378,2
DA:388,0
DA:389,0
DA:390,0
DA:397,0
DA:398,0
DA:401,0
DA:403,0
DA:404,0
DA:406,0
DA:415,2
DA:423,0
DA:424,0
DA:425,0
DA:430,0
DA:431,0
DA:434,0
DA:436,0
DA:437,0
DA:439,0
DA:448,2
DA:458,0
DA:459,0
DA:460,0
DA:467,0
DA:468,0
DA:471,0
DA:473,0
DA:474,0
DA:476,0
DA:481,2
LF:128
LH:18
BRDA:28,0,0,0
BRDA:28,0,1,0
BRDA:34,1,0,0
BRDA:34,1,1,0
BRDA:37,2,0,0
BRDA:37,2,1,0
BRDA:37,3,0,0
BRDA:37,3,1,0
BRDA:39,4,0,0
BRDA:39,4,1,0
BRDA:42,5,0,0
BRDA:42,5,1,0
BRDA:58,6,0,0
BRDA:58,6,1,0
BRDA:104,7,0,0
BRDA:104,8,0,0
BRDA:104,9,0,0
BRDA:114,10,0,0
BRDA:114,10,1,0
BRDA:120,11,0,0
BRDA:120,11,1,0
BRDA:123,12,0,0
BRDA:123,12,1,0
BRDA:153,13,0,0
BRDA:154,14,0,0
BRDA:155,15,0,0
BRDA:156,16,0,0
BRDA:157,17,0,0
BRDA:158,18,0,0
BRDA:159,19,0,0
BRDA:160,20,0,0
BRDA:161,21,0,0
BRDA:180,22,0,0
BRDA:180,22,1,0
BRDA:186,23,0,0
BRDA:186,23,1,0
BRDA:189,24,0,0
BRDA:189,24,1,0
BRDA:208,25,0,0
BRDA:208,26,0,0
BRDA:208,27,0,0
BRDA:219,28,0,0
BRDA:219,28,1,0
BRDA:223,29,0,0
BRDA:223,29,1,0
BRDA:225,30,0,0
BRDA:225,30,1,0
BRDA:228,31,0,0
BRDA:228,31,1,0
BRDA:246,32,0,0
BRDA:256,33,0,0
BRDA:256,33,1,0
BRDA:262,34,0,0
BRDA:262,34,1,0
BRDA:265,35,0,0
BRDA:265,35,1,0
BRDA:283,36,0,0
BRDA:285,37,0,0
BRDA:285,37,1,0
BRDA:294,38,0,0
BRDA:294,38,1,0
BRDA:300,39,0,0
BRDA:300,39,1,0
BRDA:303,40,0,0
BRDA:303,40,1,0
BRDA:325,41,0,0
BRDA:325,41,1,0
BRDA:331,42,0,0
BRDA:331,42,1,0
BRDA:334,43,0,0
BRDA:334,43,1,0
BRDA:360,44,0,0
BRDA:360,44,1,0
BRDA:366,45,0,0
BRDA:366,45,1,0
BRDA:369,46,0,0
BRDA:369,46,1,0
BRDA:387,47,0,0
BRDA:387,48,0,0
BRDA:397,49,0,0
BRDA:397,49,1,0
BRDA:403,50,0,0
BRDA:403,50,1,0
BRDA:406,51,0,0
BRDA:406,51,1,0
BRDA:422,52,0,0
BRDA:422,53,0,0
BRDA:430,54,0,0
BRDA:430,54,1,0
BRDA:434,55,0,0
BRDA:434,55,1,0
BRDA:436,56,0,0
BRDA:436,56,1,0
BRDA:439,57,0,0
BRDA:439,57,1,0
BRDA:457,58,0,0
BRDA:457,59,0,0
BRDA:467,60,0,0
BRDA:467,60,1,0
BRDA:473,61,0,0
BRDA:473,61,1,0
BRDA:476,62,0,0
BRDA:476,62,1,0
BRF:103
BRH:0
end_of_record
TN:
SF:src/tools/knowledgeTools.ts
FN:17,createKnowledgeTools
FN:41,(anonymous_1)
FN:123,(anonymous_2)
FN:183,(anonymous_3)
FN:184,(anonymous_4)
FN:207,(anonymous_5)
FN:236,(anonymous_6)
FN:259,(anonymous_7)
FN:288,(anonymous_8)
FN:346,(anonymous_9)
FN:374,(anonymous_10)
FN:395,(anonymous_11)
FN:399,(anonymous_12)
FN:400,(anonymous_13)
FN:435,(anonymous_14)
FN:436,(anonymous_15)
FNF:16
FNH:1
FNDA:2,createKnowledgeTools
FNDA:0,(anonymous_1)
FNDA:0,(anonymous_2)
FNDA:0,(anonymous_3)
FNDA:0,(anonymous_4)
FNDA:0,(anonymous_5)
FNDA:0,(anonymous_6)
FNDA:0,(anonymous_7)
FNDA:0,(anonymous_8)
FNDA:0,(anonymous_9)
FNDA:0,(anonymous_10)
FNDA:0,(anonymous_11)
FNDA:0,(anonymous_12)
FNDA:0,(anonymous_13)
FNDA:0,(anonymous_14)
FNDA:0,(anonymous_15)
DA:7,2
DA:8,2
DA:9,2
DA:10,2
DA:12,2
DA:13,2
DA:14,2
DA:17,2
DA:23,2
DA:51,0
DA:52,0
DA:53,0
DA:56,0
DA:57,0
DA:63,0
DA:64,0
DA:66,0
DA:86,0
DA:96,0
DA:97,0
DA:99,0
DA:108,2
DA:130,0
DA:132,0
DA:133,0
DA:134,0
DA:143,0
DA:144,0
DA:145,0
DA:146,0
DA:152,0
DA:153,0
DA:155,0
DA:174,0
DA:176,0
DA:177,0
DA:179,0
DA:183,0
DA:184,0
DA:186,0
DA:200,2
DA:208,0
DA:209,0
DA:210,0
DA:212,0
DA:213,0
DA:215,0
DA:224,2
DA:237,0
DA:238,0
DA:239,0
DA:241,0
DA:242,0
DA:244,0
DA:253,2
DA:260,0
DA:261,0
DA:262,0
DA:263,0
DA:265,0
DA:267,0
DA:268,0
DA:270,0
DA:279,2
DA:294,0
DA:295,0
DA:296,0
DA:297,0
DA:298,0
DA:299,0
DA:302,0
DA:308,0
DA:310,0
DA:311,0
DA:312,0
DA:319,0
DA:320,0
DA:323,0
DA:326,0
DA:327,0
DA:329,0
DA:338,2
DA:347,0
DA:348,0
DA:349,0
DA:350,0
DA:358,0
DA:359,0
DA:361,0
DA:370,2
DA:375,0
DA:376,0
DA:377,0
DA:379,0
DA:380,0
DA:382,0
DA:391,2
DA:396,0
DA:397,0
DA:398,0
DA:399,0
DA:400,0
DA:402,0
DA:403,0
DA:406,0
DA:419,0
DA:420,0
DA:422,0
DA:431,2
DA:436,0
DA:443,0
DA:447,2
LF:112
LH:19
BRDA:48,0,0,0
BRDA:49,1,0,0
BRDA:52,2,0,0
BRDA:52,2,1,0
BRDA:64,3,0,0
BRDA:64,3,1,0
BRDA:96,4,0,0
BRDA:96,4,1,0
BRDA:99,5,0,0
BRDA:99,5,1,0
BRDA:128,6,0,0
BRDA:133,7,0,0
BRDA:133,7,1,0
BRDA:153,8,0,0
BRDA:153,8,1,0
BRDA:176,9,0,0
BRDA:176,9,1,0
BRDA:179,10,0,0
BRDA:179,10,1,0
BRDA:207,11,0,0
BRDA:212,12,0,0
BRDA:212,12,1,0
BRDA:215,13,0,0
BRDA:215,13,1,0
BRDA:236,14,0,0
BRDA:241,15,0,0
BRDA:241,15,1,0
BRDA:244,16,0,0
BRDA:244,16,1,0
BRDA:262,17,0,0
BRDA:262,17,1,0
BRDA:267,18,0,0
BRDA:267,18,1,0
BRDA:270,19,0,0
BRDA:270,19,1,0
BRDA:290,20,0,0
BRDA:291,21,0,0
BRDA:292,22,0,0
BRDA:295,23,0,0
BRDA:295,23,1,0
BRDA:298,24,0,0
BRDA:298,24,1,0
BRDA:326,25,0,0
BRDA:326,25,1,0
BRDA:329,26,0,0
BRDA:329,26,1,0
BRDA:346,27,0,0
BRDA:358,28,0,0
BRDA:358,28,1,0
BRDA:361,29,0,0
BRDA:361,29,1,0
BRDA:379,30,0,0
BRDA:379,30,1,0
BRDA:382,31,0,0
BRDA:382,31,1,0
BRDA:402,32,0,0
BRDA:402,32,1,0
BRDA:410,33,0,0
BRDA:410,33,1,0
BRDA:412,34,0,0
BRDA:412,34,1,0
BRDA:414,35,0,0
BRDA:414,35,1,0
BRDA:419,36,0,0
BRDA:419,36,1,0
BRDA:422,37,0,0
BRDA:422,37,1,0
BRF:67
BRH:0
end_of_record
TN:
SF:src/tools/runpodTools.ts
FN:13,createRunPodTools
FN:15,(anonymous_1)
FN:27,(anonymous_2)
FN:36,(anonymous_3)
FN:71,(anonymous_4)
FN:101,(anonymous_5)
FN:108,(anonymous_6)
FN:113,(anonymous_7)
FN:120,(anonymous_8)
FN:155,(anonymous_9)
FN:211,(anonymous_10)
FN:246,(anonymous_11)
FN:281,(anonymous_12)
FN:328,(anonymous_13)
FN:398,(anonymous_14)
FN:425,(anonymous_15)
FN:454,(anonymous_16)
FNF:17
FNH:1
FNDA:2,createRunPodTools
FNDA:0,(anonymous_1)
FNDA:0,(anonymous_2)
FNDA:0,(anonymous_3)
FNDA:0,(anonymous_4)
FNDA:0,(anonymous_5)
FNDA:0,(anonymous_6)
FNDA:0,(anonymous_7)
FNDA:0,(anonymous_8)
FNDA:0,(anonymous_9)
FNDA:0,(anonymous_10)
FNDA:0,(anonymous_11)
FNDA:0,(anonymous_12)
FNDA:0,(anonymous_13)
FNDA:0,(anonymous_14)
FNDA:0,(anonymous_15)
FNDA:0,(anonymous_16)
DA:7,2
DA:8,2
DA:9,2
DA:10,2
DA:13,2
DA:15,2
DA:16,0
DA:23,2
DA:28,0
DA:29,0
DA:30,0
DA:32,0
DA:33,0
DA:34,0
DA:36,0
DA:51,0
DA:53,0
DA:54,0
DA:56,0
DA:65,2
DA:72,0
DA:73,0
DA:74,0
DA:75,0
DA:77,0
DA:78,0
DA:81,0
DA:83,0
DA:84,0
DA:86,0
DA:95,2
DA:102,0
DA:103,0
DA:104,0
DA:105,0
DA:107,0
DA:109,0
DA:110,0
DA:111,0
DA:113,0
DA:120,0
DA:122,0
DA:124,0
DA:133,0
DA:134,0
DA:136,0
DA:145,2
DA:156,0
DA:157,0
DA:158,0
DA:160,0
DA:161,0
DA:162,0
DA:163,0
DA:172,0
DA:173,0
DA:181,0
DA:192,0
DA:193,0
DA:194,0
DA:196,0
DA:205,2
DA:212,0
DA:213,0
DA:214,0
DA:215,0
DA:217,0
DA:228,0
DA:229,0
DA:231,0
DA:240,2
DA:247,0
DA:248,0
DA:249,0
DA:250,0
DA:252,0
DA:262,0
DA:263,0
DA:265,0
DA:274,2
DA:282,0
DA:283,0
DA:284,0
DA:291,0
DA:292,0
DA:293,0
DA:294,0
DA:296,0
DA:301,0
DA:302,0
DA:304,0
DA:313,2
DA:340,0
DA:341,0
DA:342,0
DA:344,0
DA:345,0
DA:346,0
DA:352,0
DA:353,0
DA:365,0
DA:380,0
DA:381,0
DA:383,0
DA:392,2
DA:399,0
DA:400,0
DA:401,0
DA:402,0
DA:404,0
DA:406,0
DA:407,0
DA:409,0
DA:418,2
DA:426,0
DA:427,0
DA:428,0
DA:429,0
DA:431,0
DA:433,0
DA:434,0
DA:436,0
DA:445,2
DA:455,0
DA:456,0
DA:457,0
DA:458,0
DA:460,0
DA:472,0
DA:473,0
DA:475,0
DA:480,2
LF:132
LH:18
BRDA:16,0,0,0
BRDA:16,0,1,0
BRDA:16,0,2,0
BRDA:29,1,0,0
BRDA:29,1,1,0
BRDA:43,2,0,0
BRDA:43,2,1,0
BRDA:46,3,0,0
BRDA:46,3,1,0
BRDA:53,4,0,0
BRDA:53,4,1,0
BRDA:56,5,0,0
BRDA:56,5,1,0
BRDA:77,6,0,0
BRDA:77,6,1,0
BRDA:83,7,0,0
BRDA:83,7,1,0
BRDA:86,8,0,0
BRDA:86,8,1,0
BRDA:101,9,0,0
BRDA:109,10,0,0
BRDA:109,10,1,0
BRDA:111,11,0,0
BRDA:111,11,1,0
BRDA:128,12,0,0
BRDA:128,12,1,0
BRDA:133,13,0,0
BRDA:133,13,1,0
BRDA:136,14,0,0
BRDA:136,14,1,0
BRDA:155,15,0,0
BRDA:155,16,0,0
BRDA:161,17,0,0
BRDA:161,17,1,0
BRDA:166,18,0,0
BRDA:166,18,1,0
BRDA:193,19,0,0
BRDA:193,19,1,0
BRDA:196,20,0,0
BRDA:196,20,1,0
BRDA:228,21,0,0
BRDA:228,21,1,0
BRDA:231,22,0,0
BRDA:231,22,1,0
BRDA:262,23,0,0
BRDA:262,23,1,0
BRDA:265,24,0,0
BRDA:265,24,1,0
BRDA:282,25,0,0
BRDA:282,25,1,0
BRDA:301,26,0,0
BRDA:301,26,1,0
BRDA:304,27,0,0
BRDA:304,27,1,0
BRDA:345,28,0,0
BRDA:345,28,1,0
BRDA:345,29,0,0
BRDA:345,29,1,0
BRDA:380,30,0,0
BRDA:380,30,1,0
BRDA:383,31,0,0
BRDA:383,31,1,0
BRDA:406,32,0,0
BRDA:406,32,1,0
BRDA:409,33,0,0
BRDA:409,33,1,0
BRDA:425,34,0,0
BRDA:433,35,0,0
BRDA:433,35,1,0
BRDA:436,36,0,0
BRDA:436,36,1,0
BRDA:454,37,0,0
BRDA:472,38,0,0
BRDA:472,38,1,0
BRDA:475,39,0,0
BRDA:475,39,1,0
BRF:76
BRH:0
end_of_record
